C51 COMPILER V9.54   MAIN                                                                  07/11/2018 21:53:40 PAGE 1   


C51 COMPILER V9.54, COMPILATION OF MODULE MAIN
OBJECT MODULE PLACED IN .\Objects\main.obj
COMPILER INVOKED BY: C:\Keil_v5\C51\BIN\C51.EXE main.c OPTIMIZE(8,SPEED) BROWSE DEBUG OBJECTEXTEND PRINT(.\Listings\main
                    -.lst) TABS(2) OBJECT(.\Objects\main.obj)

line level    source

   1          #include "reg52.h"
   2          #include "main.h"
   3          #include "mfrc522.h"
   4          #include <string.h>
   5          
   6          unsigned char UID[5],Temp[4];
   7          
   8          void FeedBackDelay(void);
   9          void InitializeSystem(void);
  10          void ReadCard(void);
  11          void SERIAL_TRANSMIT(unsigned char c);
  12          void SERIAL_STRING_TX(unsigned char *tx_String);
  13          void SERIAL_STRING_TX_LN(unsigned char *tx_String);
  14          void HEXtoBYTE(unsigned char c);
  15          
  16          void main(void){   
  17   1        InitializeSystem();
  18   1        SERIAL_STRING_TX_LN("Serial Initilized");
  19   1        ReadCard();
  20   1      }
  21          
  22          void FeedBackDelay(void){
  23   1        feedBack=0;
  24   1        delay_10ms(1);
  25   1        feedBack=1;
  26   1        delay_10ms(1);
  27   1      }
  28          
  29          void ReadCard(void){
  30   1        unsigned char tempUID[5]=0,i=0,flag=0;
  31   1        unsigned int length=0;
  32   1        while(1){
  33   2          if(PcdRequest(0x52,Temp)==MI_OK){
  34   3            if(PcdAnticoll(tempUID)==MI_OK){
  35   4              tempUID[4] = '\0';
  36   4              //length = strlen(UID);
  37   4              //strcpy(UID,tempUID);
  38   4              //SERIAL_STRING_TX(tempUID[i] < 0x10 ? "0" : "");
  39   4              for(i=0;i<4;i++){
  40   5                HEXtoBYTE(tempUID[i]);
  41   5              }
  42   4              FeedBackDelay();                   
  43   4            }
  44   3          }
  45   2        } 
  46   1      }
  47          
  48          void InitializeSystem(){
  49   1        TMOD&=0xCF; 
  50   1        TMOD|=0x20; 
  51   1        TH1=0xFA;   // setting buadrate to 9600 bps
  52   1        TL1=0x00;
  53   1        TR1=1;
  54   1        SCON=0x50;
C51 COMPILER V9.54   MAIN                                                                  07/11/2018 21:53:40 PAGE 2   

  55   1        EA=1;
  56   1        ES = 1;
  57   1          PcdReset();
  58   1          PcdAntennaOff(); 
  59   1          PcdAntennaOn();  
  60   1        P0=0;
  61   1        M500PcdConfigISOType( 'A' );
  62   1      }
  63          
  64          void SERIAL_TRANSMIT(unsigned char tx_char){  // For sending each character
  65   1        SBUF=tx_char;  //Store the incoming character in SUBF
  66   1        while(TI==0);  // Wait until Tx bit is High
  67   1        TI=0;   // Make it 0 once it's high
  68   1      }
  69          
  70          void SERIAL_STRING_TX(unsigned char *tx_String){   // For sending a String
  71   1        unsigned int i,stringSize;
  72   1        unsigned char temp_char=0;
  73   1        
  74   1        stringSize = strlen(tx_String); // Calculate the String length
  75   1        for(i=0;i<stringSize;i++){
  76   2          temp_char = tx_String[i];  
  77   2          SERIAL_TRANSMIT(temp_char);  // Send each character to the SERIAL_TRANSMIT function
  78   2        }
  79   1      }
  80          
  81          void SERIAL_STRING_TX_LN(unsigned char *tx_String){   // For sending a String
  82   1        unsigned int i,stringSize;
  83   1        unsigned char temp_char=0;
  84   1        
  85   1        stringSize = strlen(tx_String); // Calculate the String length
  86   1        for(i=0;i<stringSize;i++){
  87   2          temp_char = tx_String[i];  
  88   2          SERIAL_TRANSMIT(temp_char);  // Send each character to the SERIAL_TRANSMIT function
  89   2        }
  90   1        SERIAL_TRANSMIT('\r');
  91   1        SERIAL_TRANSMIT('\n');
  92   1      }
  93          
  94          /*
  95          void isr_UART(void) interrupt 4 using 1{
  96            unsigned char i;
  97            if(TI){
  98              TI=0;
  99              for(i=0;i<4;i++){
 100                SBUF=UID[i];
 101                while(!TI);
 102                TI=0;     
 103              }
 104              REN=1;
 105            }
 106          } 
 107          */
 108          
 109          void HEXtoBYTE(unsigned char c){
 110   1        unsigned char t;
 111   1        t=c>>4;
 112   1        t=t+'0';
 113   1        if (t>=(10+'0')){
 114   2          t=t+('A'-10-'0');
 115   2        }
 116   1        SERIAL_TRANSMIT(t); // call to your function here
C51 COMPILER V9.54   MAIN                                                                  07/11/2018 21:53:40 PAGE 3   

 117   1        t=c&0x0F;
 118   1        t=t+'0';
 119   1        if (t>=(10+'0')){
 120   2          t=t+('A'-10-'0');
 121   2        }
 122   1      SERIAL_TRANSMIT(t); // call to your function here
 123   1      
 124   1      } 


MODULE INFORMATION:   STATIC OVERLAYABLE
   CODE SIZE        =    318    ----
   CONSTANT SIZE    =     23    ----
   XDATA SIZE       =   ----    ----
   PDATA SIZE       =   ----    ----
   DATA SIZE        =      9      21
   IDATA SIZE       =   ----    ----
   BIT SIZE         =   ----    ----
END OF MODULE INFORMATION.


C51 COMPILATION COMPLETE.  0 WARNING(S),  0 ERROR(S)
